<?xml version="1.0" encoding="UTF-8"?>
<!-- Generated by org.testng.reporters.JUnitReportReporter -->
<testsuite hostname="DESKTOP-M9B6F7P" failures="0" tests="1" name="com.sample2.Test1" time="32.764" errors="0" timestamp="2021-02-01T20:10:12 IST" skipped="0">
  <testcase classname="com.sample2.Test1" name="print" time="32.764"/>
  <system-out/>
</testsuite> <!-- com.sample2.Test1 -->
