<?xml version="1.0" encoding="UTF-8"?>
<!-- Generated by org.testng.reporters.JUnitReportReporter -->
<testsuite skipped="0" hostname="DESKTOP-M9B6F7P" name="com.sample2.KeyWordEvents" tests="1" failures="0" timestamp="2021-02-11T17:28:38 IST" time="15.071" errors="0">
  <testcase name="test" time="15.071" classname="com.sample2.KeyWordEvents"/>
  <system-out/>
</testsuite> <!-- com.sample2.KeyWordEvents -->
